{
 "cells": [
  {
   "cell_type": "code",
   "execution_count": 11,
   "id": "5acba1be-34b3-4225-91b9-5170336e9509",
   "metadata": {},
   "outputs": [],
   "source": [
    "import pandas as pd\n",
    "import os\n",
    "from sqlalchemy import create_engine\n",
    "import logging\n",
    "import time\n",
    "\n",
    "logging.basicConfig(\n",
    "    filename=\"data/logs/ingestion_db.log\",\n",
    "    level=logging.DEBUG,\n",
    "    format=\"%(asctime)s - %(levelname)s - %(message)s \",\n",
    "    filemode=\"a\"\n",
    ")\n",
    "\n",
    "engine=create_engine('sqlite:///inventory.db')\n",
    "\n",
    "def ingest_db(df,table_name,engine):\n",
    "    ''' this function will ingest the dataframe into database table '''\n",
    "    df.to_sql(table_name,con=engine,if_exists='replace',index=False)\n",
    "\n",
    "\n",
    "\n",
    "def load_raw_data():\n",
    "    ''' this function will  load the CSVs  as dataframe nd ingest into db '''\n",
    "    start=time.time()\n",
    "    for file in os.listdir('data'):\n",
    "        if '.csv' in file:\n",
    "            df=pd.read_csv('data/'+file)\n",
    "            logging.info(f'Ingesting {file} in db')\n",
    "            ingest_db(df,file[:-4],engine)\n",
    "        end=time.time()\n",
    "        total_time=(end-start)/60\n",
    "    logging.info('----------Ingestion Complete----------')\n",
    "    logging.info(f'\\n Total Time Taken: {total_time} minutes')\n",
    "\n",
    "\n",
    "if __name__ =='__main__':\n",
    "    load_raw_data()\n"
   ]
  },
  {
   "cell_type": "code",
   "execution_count": null,
   "id": "963ee1f6-af96-4d81-88be-645097429d1f",
   "metadata": {},
   "outputs": [],
   "source": []
  }
 ],
 "metadata": {
  "kernelspec": {
   "display_name": "Python 3 (ipykernel)",
   "language": "python",
   "name": "python3"
  },
  "language_info": {
   "codemirror_mode": {
    "name": "ipython",
    "version": 3
   },
   "file_extension": ".py",
   "mimetype": "text/x-python",
   "name": "python",
   "nbconvert_exporter": "python",
   "pygments_lexer": "ipython3",
   "version": "3.13.5"
  }
 },
 "nbformat": 4,
 "nbformat_minor": 5
}
